{"D:\\DEMO\\vueDemo\\vue-demo\\src\\assets\\img\\logo.png": {"data":{"path":"D:\\DEMO\\vueDemo\\vue-demo\\src\\assets\\img\\logo.png","statementMap":{"0":{"start":{"line":1,"column":0},"end":{"line":1,"column":19}}},"fnMap":{},"branchMap":{},"s":{"0":1},"f":{},"b":{},"_coverageSchema":"43e27e138ebf9cfc5966b082cf9a028302ed4184","hash":"4e83a3f6edc412ad2812b23e00f82c11d47ce8e7"}}
,"D:\\DEMO\\vueDemo\\vue-demo\\src\\config\\menu\\home.js": {"data":{"path":"D:\\DEMO\\vueDemo\\vue-demo\\src\\config\\menu\\home.js","statementMap":{},"fnMap":{},"branchMap":{},"s":{},"f":{},"b":{},"_coverageSchema":"43e27e138ebf9cfc5966b082cf9a028302ed4184","hash":"76ac2ce0f3ba1c5e11ca54735417c87da98c60ac"}}
,"D:\\DEMO\\vueDemo\\vue-demo\\src\\config\\menu\\index.js": {"data":{"path":"D:\\DEMO\\vueDemo\\vue-demo\\src\\config\\menu\\index.js","statementMap":{},"fnMap":{},"branchMap":{},"s":{},"f":{},"b":{},"_coverageSchema":"43e27e138ebf9cfc5966b082cf9a028302ed4184","hash":"1eb06378c990a561a0b10e39b5dc7bdb1ee804ce"}}
,"D:\\DEMO\\vueDemo\\vue-demo\\src\\config\\menu\\product.js": {"data":{"path":"D:\\DEMO\\vueDemo\\vue-demo\\src\\config\\menu\\product.js","statementMap":{},"fnMap":{},"branchMap":{},"s":{},"f":{},"b":{},"_coverageSchema":"43e27e138ebf9cfc5966b082cf9a028302ed4184","hash":"5d53172f7de29638b747e7d5b1b6cde1c9b7a03f"}}
,"D:\\DEMO\\vueDemo\\vue-demo\\src\\config\\menu\\setting.js": {"data":{"path":"D:\\DEMO\\vueDemo\\vue-demo\\src\\config\\menu\\setting.js","statementMap":{},"fnMap":{},"branchMap":{},"s":{},"f":{},"b":{},"_coverageSchema":"43e27e138ebf9cfc5966b082cf9a028302ed4184","hash":"436c55392e715fcd40dc7b7ec2875bb3769e9d58"}}
,"D:\\DEMO\\vueDemo\\vue-demo\\src\\utils\\permission.js": {"data":{"path":"D:\\DEMO\\vueDemo\\vue-demo\\src\\utils\\permission.js","statementMap":{"0":{"start":{"line":14,"column":12},"end":{"line":14,"column":14}},"1":{"start":{"line":15,"column":2},"end":{"line":29,"column":3}},"2":{"start":{"line":16,"column":4},"end":{"line":28,"column":6}},"3":{"start":{"line":17,"column":6},"end":{"line":24,"column":9}},"4":{"start":{"line":25,"column":6},"end":{"line":27,"column":7}},"5":{"start":{"line":26,"column":8},"end":{"line":26,"column":63}},"6":{"start":{"line":31,"column":2},"end":{"line":31,"column":12}},"7":{"start":{"line":35,"column":12},"end":{"line":35,"column":14}},"8":{"start":{"line":36,"column":2},"end":{"line":50,"column":3}},"9":{"start":{"line":37,"column":4},"end":{"line":49,"column":6}},"10":{"start":{"line":38,"column":6},"end":{"line":45,"column":9}},"11":{"start":{"line":46,"column":6},"end":{"line":48,"column":7}},"12":{"start":{"line":47,"column":8},"end":{"line":47,"column":76}},"13":{"start":{"line":51,"column":2},"end":{"line":51,"column":12}},"14":{"start":{"line":55,"column":12},"end":{"line":55,"column":14}},"15":{"start":{"line":57,"column":2},"end":{"line":69,"column":3}},"16":{"start":{"line":59,"column":4},"end":{"line":59,"column":37}},"17":{"start":{"line":61,"column":4},"end":{"line":68,"column":6}},"18":{"start":{"line":70,"column":2},"end":{"line":70,"column":12}},"19":{"start":{"line":80,"column":2},"end":{"line":86,"column":3}},"20":{"start":{"line":82,"column":4},"end":{"line":82,"column":38}},"21":{"start":{"line":82,"column":29},"end":{"line":82,"column":38}},"22":{"start":{"line":83,"column":4},"end":{"line":85,"column":5}},"23":{"start":{"line":84,"column":6},"end":{"line":84,"column":50}},"24":{"start":{"line":84,"column":38},"end":{"line":84,"column":50}},"25":{"start":{"line":87,"column":2},"end":{"line":87,"column":13}},"26":{"start":{"line":96,"column":2},"end":{"line":96,"column":58}},"27":{"start":{"line":96,"column":49},"end":{"line":96,"column":58}},"28":{"start":{"line":97,"column":13},"end":{"line":97,"column":15}},"29":{"start":{"line":98,"column":2},"end":{"line":100,"column":5}},"30":{"start":{"line":99,"column":4},"end":{"line":99,"column":33}},"31":{"start":{"line":101,"column":2},"end":{"line":101,"column":13}},"32":{"start":{"line":111,"column":2},"end":{"line":111,"column":37}},"33":{"start":{"line":111,"column":28},"end":{"line":111,"column":37}},"34":{"start":{"line":112,"column":2},"end":{"line":112,"column":41}},"35":{"start":{"line":113,"column":12},"end":{"line":113,"column":14}},"36":{"start":{"line":114,"column":2},"end":{"line":120,"column":4}},"37":{"start":{"line":115,"column":4},"end":{"line":119,"column":5}},"38":{"start":{"line":116,"column":6},"end":{"line":116,"column":53}},"39":{"start":{"line":117,"column":6},"end":{"line":117,"column":20}},"40":{"start":{"line":118,"column":6},"end":{"line":118,"column":24}},"41":{"start":{"line":121,"column":2},"end":{"line":121,"column":12}},"42":{"start":{"line":132,"column":2},"end":{"line":132,"column":34}},"43":{"start":{"line":132,"column":29},"end":{"line":132,"column":33}},"44":{"start":{"line":133,"column":12},"end":{"line":133,"column":14}},"45":{"start":{"line":134,"column":2},"end":{"line":140,"column":4}},"46":{"start":{"line":135,"column":4},"end":{"line":139,"column":5}},"47":{"start":{"line":136,"column":6},"end":{"line":136,"column":53}},"48":{"start":{"line":137,"column":6},"end":{"line":137,"column":20}},"49":{"start":{"line":138,"column":6},"end":{"line":138,"column":24}},"50":{"start":{"line":141,"column":2},"end":{"line":141,"column":12}}},"fnMap":{"0":{"name":"createMenu","decl":{"start":{"line":13,"column":9},"end":{"line":13,"column":19}},"loc":{"start":{"line":13,"column":23},"end":{"line":32,"column":1}},"line":13},"1":{"name":"(anonymous_1)","decl":{"start":{"line":16,"column":23},"end":{"line":16,"column":24}},"loc":{"start":{"line":16,"column":31},"end":{"line":28,"column":5}},"line":16},"2":{"name":"_children","decl":{"start":{"line":34,"column":9},"end":{"line":34,"column":18}},"loc":{"start":{"line":34,"column":37},"end":{"line":52,"column":1}},"line":34},"3":{"name":"(anonymous_3)","decl":{"start":{"line":37,"column":17},"end":{"line":37,"column":18}},"loc":{"start":{"line":37,"column":25},"end":{"line":49,"column":5}},"line":37},"4":{"name":"_method","decl":{"start":{"line":54,"column":9},"end":{"line":54,"column":16}},"loc":{"start":{"line":54,"column":39},"end":{"line":71,"column":1}},"line":54},"5":{"name":"equal","decl":{"start":{"line":79,"column":9},"end":{"line":79,"column":14}},"loc":{"start":{"line":79,"column":31},"end":{"line":88,"column":1}},"line":79},"6":{"name":"createActionsFromServer","decl":{"start":{"line":95,"column":9},"end":{"line":95,"column":32}},"loc":{"start":{"line":95,"column":40},"end":{"line":102,"column":1}},"line":95},"7":{"name":"(anonymous_7)","decl":{"start":{"line":98,"column":15},"end":{"line":98,"column":16}},"loc":{"start":{"line":98,"column":23},"end":{"line":100,"column":3}},"line":98},"8":{"name":"createElTreeData","decl":{"start":{"line":110,"column":9},"end":{"line":110,"column":25}},"loc":{"start":{"line":110,"column":33},"end":{"line":122,"column":1}},"line":110},"9":{"name":"(anonymous_9)","decl":{"start":{"line":114,"column":15},"end":{"line":114,"column":16}},"loc":{"start":{"line":114,"column":32},"end":{"line":120,"column":3}},"line":114},"10":{"name":"_getChild","decl":{"start":{"line":130,"column":9},"end":{"line":130,"column":18}},"loc":{"start":{"line":130,"column":31},"end":{"line":142,"column":1}},"line":130},"11":{"name":"(anonymous_11)","decl":{"start":{"line":132,"column":21},"end":{"line":132,"column":22}},"loc":{"start":{"line":132,"column":29},"end":{"line":132,"column":33}},"line":132},"12":{"name":"(anonymous_12)","decl":{"start":{"line":134,"column":15},"end":{"line":134,"column":16}},"loc":{"start":{"line":134,"column":32},"end":{"line":140,"column":3}},"line":134}},"branchMap":{"0":{"loc":{"start":{"line":15,"column":2},"end":{"line":29,"column":3}},"type":"if","locations":[{"start":{"line":15,"column":2},"end":{"line":29,"column":3}},{"start":{"line":15,"column":2},"end":{"line":29,"column":3}}],"line":15},"1":{"loc":{"start":{"line":15,"column":6},"end":{"line":15,"column":52}},"type":"binary-expr","locations":[{"start":{"line":15,"column":6},"end":{"line":15,"column":31}},{"start":{"line":15,"column":35},"end":{"line":15,"column":52}}],"line":15},"2":{"loc":{"start":{"line":25,"column":6},"end":{"line":27,"column":7}},"type":"if","locations":[{"start":{"line":25,"column":6},"end":{"line":27,"column":7}},{"start":{"line":25,"column":6},"end":{"line":27,"column":7}}],"line":25},"3":{"loc":{"start":{"line":25,"column":10},"end":{"line":25,"column":65}},"type":"binary-expr","locations":[{"start":{"line":25,"column":10},"end":{"line":25,"column":41}},{"start":{"line":25,"column":45},"end":{"line":25,"column":65}}],"line":25},"4":{"loc":{"start":{"line":36,"column":2},"end":{"line":50,"column":3}},"type":"if","locations":[{"start":{"line":36,"column":2},"end":{"line":50,"column":3}},{"start":{"line":36,"column":2},"end":{"line":50,"column":3}}],"line":36},"5":{"loc":{"start":{"line":36,"column":6},"end":{"line":36,"column":40}},"type":"binary-expr","locations":[{"start":{"line":36,"column":6},"end":{"line":36,"column":25}},{"start":{"line":36,"column":29},"end":{"line":36,"column":40}}],"line":36},"6":{"loc":{"start":{"line":46,"column":6},"end":{"line":48,"column":7}},"type":"if","locations":[{"start":{"line":46,"column":6},"end":{"line":48,"column":7}},{"start":{"line":46,"column":6},"end":{"line":48,"column":7}}],"line":46},"7":{"loc":{"start":{"line":65,"column":19},"end":{"line":65,"column":31}},"type":"binary-expr","locations":[{"start":{"line":65,"column":19},"end":{"line":65,"column":25}},{"start":{"line":65,"column":29},"end":{"line":65,"column":31}}],"line":65},"8":{"loc":{"start":{"line":82,"column":4},"end":{"line":82,"column":38}},"type":"if","locations":[{"start":{"line":82,"column":4},"end":{"line":82,"column":38}},{"start":{"line":82,"column":4},"end":{"line":82,"column":38}}],"line":82},"9":{"loc":{"start":{"line":83,"column":4},"end":{"line":85,"column":5}},"type":"if","locations":[{"start":{"line":83,"column":4},"end":{"line":85,"column":5}},{"start":{"line":83,"column":4},"end":{"line":85,"column":5}}],"line":83},"10":{"loc":{"start":{"line":84,"column":6},"end":{"line":84,"column":50}},"type":"if","locations":[{"start":{"line":84,"column":6},"end":{"line":84,"column":50}},{"start":{"line":84,"column":6},"end":{"line":84,"column":50}}],"line":84},"11":{"loc":{"start":{"line":96,"column":2},"end":{"line":96,"column":58}},"type":"if","locations":[{"start":{"line":96,"column":2},"end":{"line":96,"column":58}},{"start":{"line":96,"column":2},"end":{"line":96,"column":58}}],"line":96},"12":{"loc":{"start":{"line":96,"column":6},"end":{"line":96,"column":47}},"type":"binary-expr","locations":[{"start":{"line":96,"column":6},"end":{"line":96,"column":26}},{"start":{"line":96,"column":30},"end":{"line":96,"column":47}}],"line":96},"13":{"loc":{"start":{"line":111,"column":2},"end":{"line":111,"column":37}},"type":"if","locations":[{"start":{"line":111,"column":2},"end":{"line":111,"column":37}},{"start":{"line":111,"column":2},"end":{"line":111,"column":37}}],"line":111},"14":{"loc":{"start":{"line":115,"column":4},"end":{"line":119,"column":5}},"type":"if","locations":[{"start":{"line":115,"column":4},"end":{"line":119,"column":5}},{"start":{"line":115,"column":4},"end":{"line":119,"column":5}}],"line":115},"15":{"loc":{"start":{"line":135,"column":4},"end":{"line":139,"column":5}},"type":"if","locations":[{"start":{"line":135,"column":4},"end":{"line":139,"column":5}},{"start":{"line":135,"column":4},"end":{"line":139,"column":5}}],"line":135}},"s":{"0":0,"1":0,"2":0,"3":0,"4":0,"5":0,"6":0,"7":0,"8":0,"9":0,"10":0,"11":0,"12":0,"13":0,"14":0,"15":0,"16":0,"17":0,"18":0,"19":0,"20":0,"21":0,"22":0,"23":0,"24":0,"25":0,"26":0,"27":0,"28":0,"29":0,"30":0,"31":0,"32":0,"33":0,"34":0,"35":0,"36":0,"37":0,"38":0,"39":0,"40":0,"41":0,"42":0,"43":0,"44":0,"45":0,"46":0,"47":0,"48":0,"49":0,"50":0},"f":{"0":0,"1":0,"2":0,"3":0,"4":0,"5":0,"6":0,"7":0,"8":0,"9":0,"10":0,"11":0,"12":0},"b":{"0":[0,0],"1":[0,0],"2":[0,0],"3":[0,0],"4":[0,0],"5":[0,0],"6":[0,0],"7":[0,0],"8":[0,0],"9":[0,0],"10":[0,0],"11":[0,0],"12":[0,0],"13":[0,0],"14":[0,0],"15":[0,0]},"_coverageSchema":"43e27e138ebf9cfc5966b082cf9a028302ed4184","hash":"07e5facb4638b59a06cbaad30b4312d397e6c758"}}
,"D:\\DEMO\\vueDemo\\vue-demo\\src\\utils\\validate.js": {"data":{"path":"D:\\DEMO\\vueDemo\\vue-demo\\src\\utils\\validate.js","statementMap":{"0":{"start":{"line":7,"column":2},"end":{"line":15,"column":3}},"1":{"start":{"line":8,"column":4},"end":{"line":12,"column":5}},"2":{"start":{"line":9,"column":6},"end":{"line":9,"column":35}},"3":{"start":{"line":11,"column":6},"end":{"line":11,"column":17}},"4":{"start":{"line":14,"column":4},"end":{"line":14,"column":34}}},"fnMap":{"0":{"name":"checkCode","decl":{"start":{"line":6,"column":9},"end":{"line":6,"column":18}},"loc":{"start":{"line":6,"column":43},"end":{"line":16,"column":1}},"line":6}},"branchMap":{"0":{"loc":{"start":{"line":7,"column":2},"end":{"line":15,"column":3}},"type":"if","locations":[{"start":{"line":7,"column":2},"end":{"line":15,"column":3}},{"start":{"line":7,"column":2},"end":{"line":15,"column":3}}],"line":7},"1":{"loc":{"start":{"line":8,"column":4},"end":{"line":12,"column":5}},"type":"if","locations":[{"start":{"line":8,"column":4},"end":{"line":12,"column":5}},{"start":{"line":8,"column":4},"end":{"line":12,"column":5}}],"line":8}},"s":{"0":0,"1":0,"2":0,"3":0,"4":0},"f":{"0":0},"b":{"0":[0,0],"1":[0,0]},"_coverageSchema":"43e27e138ebf9cfc5966b082cf9a028302ed4184","hash":"e408795f44fafee5c0ce193a9546e7e686c87358"}}
,"D:\\DEMO\\vueDemo\\vue-demo\\src\\views\\login\\login.vue": {"path":"D:\\DEMO\\vueDemo\\vue-demo\\src\\views\\login\\login.vue","statementMap":{"0":{"start":{"line":33,"column":0},"end":{"line":33,"column":null}},"1":{"start":{"line":34,"column":0},"end":{"line":34,"column":null}},"2":{"start":{"line":39,"column":0},"end":{"line":39,"column":null}},"3":{"start":{"line":63,"column":0},"end":{"line":63,"column":null}},"4":{"start":{"line":64,"column":0},"end":{"line":64,"column":null}},"5":{"start":{"line":69,"column":0},"end":{"line":69,"column":null}},"6":{"start":{"line":78,"column":0},"end":{"line":91,"column":null}},"7":{"start":{"line":79,"column":0},"end":{"line":90,"column":null}},"8":{"start":{"line":80,"column":0},"end":{"line":86,"column":null}},"9":{"start":{"line":81,"column":0},"end":{"line":81,"column":null}},"10":{"start":{"line":82,"column":0},"end":{"line":82,"column":null}},"11":{"start":{"line":83,"column":0},"end":{"line":83,"column":null}},"12":{"start":{"line":85,"column":0},"end":{"line":85,"column":null}},"13":{"start":{"line":88,"column":0},"end":{"line":88,"column":null}},"14":{"start":{"line":89,"column":0},"end":{"line":89,"column":null}},"15":{"start":{"line":94,"column":0},"end":{"line":94,"column":null}}},"fnMap":{"0":{"name":"(anonymous_1)","decl":{"start":{"line":38,"column":0},"end":{"line":38,"column":null}},"loc":{"start":{"line":38,"column":0},"end":{"line":61,"column":null}}},"1":{"name":"(anonymous_2)","decl":{"start":{"line":62,"column":0},"end":{"line":62,"column":null}},"loc":{"start":{"line":62,"column":0},"end":{"line":65,"column":null}}},"2":{"name":"(anonymous_3)","decl":{"start":{"line":68,"column":0},"end":{"line":68,"column":null}},"loc":{"start":{"line":68,"column":0},"end":{"line":76,"column":null}}},"3":{"name":"(anonymous_4)","decl":{"start":{"line":77,"column":0},"end":{"line":77,"column":null}},"loc":{"start":{"line":77,"column":0},"end":{"line":92,"column":null}}},"4":{"name":"(anonymous_5)","decl":{"start":{"line":78,"column":0},"end":{"line":78,"column":null}},"loc":{"start":{"line":78,"column":0},"end":{"line":91,"column":null}}},"5":{"name":"(anonymous_6)","decl":{"start":{"line":80,"column":0},"end":{"line":80,"column":null}},"loc":{"start":{"line":80,"column":0},"end":{"line":84,"column":null}}},"6":{"name":"(anonymous_7)","decl":{"start":{"line":84,"column":0},"end":{"line":84,"column":null}},"loc":{"start":{"line":84,"column":0},"end":{"line":86,"column":null}}},"7":{"name":"(anonymous_8)","decl":{"start":{"line":93,"column":0},"end":{"line":93,"column":null}},"loc":{"start":{"line":93,"column":0},"end":{"line":95,"column":null}}}},"branchMap":{"0":{"loc":{"start":{"line":79,"column":0},"end":{"line":90,"column":null}},"type":"if","locations":[{"start":{"line":79,"column":0},"end":{"line":90,"column":null}},{"start":{"line":79,"column":0},"end":{"line":90,"column":null}}]}},"s":{"0":1,"1":1,"2":1,"3":1,"4":1,"5":1,"6":1,"7":1,"8":0,"9":0,"10":0,"11":0,"12":0,"13":1,"14":1,"15":0},"f":{"0":1,"1":1,"2":1,"3":1,"4":1,"5":0,"6":0,"7":0},"b":{"0":[0,1]}}
}
