TN:
SF:D:\DEMO\vueDemo\vue-demo\src\assets\img\logo.png
FNF:0
FNH:0
DA:1,1
LF:1
LH:1
BRF:0
BRH:0
end_of_record
TN:
SF:D:\DEMO\vueDemo\vue-demo\src\config\menu\home.js
FNF:0
FNH:0
LF:0
LH:0
BRF:0
BRH:0
end_of_record
TN:
SF:D:\DEMO\vueDemo\vue-demo\src\config\menu\index.js
FNF:0
FNH:0
LF:0
LH:0
BRF:0
BRH:0
end_of_record
TN:
SF:D:\DEMO\vueDemo\vue-demo\src\config\menu\product.js
FNF:0
FNH:0
LF:0
LH:0
BRF:0
BRH:0
end_of_record
TN:
SF:D:\DEMO\vueDemo\vue-demo\src\config\menu\setting.js
FNF:0
FNH:0
LF:0
LH:0
BRF:0
BRH:0
end_of_record
TN:
SF:D:\DEMO\vueDemo\vue-demo\src\utils\permission.js
FN:13,createMenu
FN:16,(anonymous_1)
FN:34,_children
FN:37,(anonymous_3)
FN:54,_method
FN:79,equal
FN:95,createActionsFromServer
FN:98,(anonymous_7)
FN:110,createElTreeData
FN:114,(anonymous_9)
FN:130,_getChild
FN:132,(anonymous_11)
FN:134,(anonymous_12)
FNF:13
FNH:0
FNDA:0,createMenu
FNDA:0,(anonymous_1)
FNDA:0,_children
FNDA:0,(anonymous_3)
FNDA:0,_method
FNDA:0,equal
FNDA:0,createActionsFromServer
FNDA:0,(anonymous_7)
FNDA:0,createElTreeData
FNDA:0,(anonymous_9)
FNDA:0,_getChild
FNDA:0,(anonymous_11)
FNDA:0,(anonymous_12)
DA:14,0
DA:15,0
DA:16,0
DA:17,0
DA:25,0
DA:26,0
DA:31,0
DA:35,0
DA:36,0
DA:37,0
DA:38,0
DA:46,0
DA:47,0
DA:51,0
DA:55,0
DA:57,0
DA:59,0
DA:61,0
DA:70,0
DA:80,0
DA:82,0
DA:83,0
DA:84,0
DA:87,0
DA:96,0
DA:97,0
DA:98,0
DA:99,0
DA:101,0
DA:111,0
DA:112,0
DA:113,0
DA:114,0
DA:115,0
DA:116,0
DA:117,0
DA:118,0
DA:121,0
DA:132,0
DA:133,0
DA:134,0
DA:135,0
DA:136,0
DA:137,0
DA:138,0
DA:141,0
LF:46
LH:0
BRDA:15,0,0,0
BRDA:15,0,1,0
BRDA:15,1,0,0
BRDA:15,1,1,0
BRDA:25,2,0,0
BRDA:25,2,1,0
BRDA:25,3,0,0
BRDA:25,3,1,0
BRDA:36,4,0,0
BRDA:36,4,1,0
BRDA:36,5,0,0
BRDA:36,5,1,0
BRDA:46,6,0,0
BRDA:46,6,1,0
BRDA:65,7,0,0
BRDA:65,7,1,0
BRDA:82,8,0,0
BRDA:82,8,1,0
BRDA:83,9,0,0
BRDA:83,9,1,0
BRDA:84,10,0,0
BRDA:84,10,1,0
BRDA:96,11,0,0
BRDA:96,11,1,0
BRDA:96,12,0,0
BRDA:96,12,1,0
BRDA:111,13,0,0
BRDA:111,13,1,0
BRDA:115,14,0,0
BRDA:115,14,1,0
BRDA:135,15,0,0
BRDA:135,15,1,0
BRF:32
BRH:0
end_of_record
TN:
SF:D:\DEMO\vueDemo\vue-demo\src\utils\validate.js
FN:6,checkCode
FNF:1
FNH:0
FNDA:0,checkCode
DA:7,0
DA:8,0
DA:9,0
DA:11,0
DA:14,0
LF:5
LH:0
BRDA:7,0,0,0
BRDA:7,0,1,0
BRDA:8,1,0,0
BRDA:8,1,1,0
BRF:4
BRH:0
end_of_record
TN:
SF:D:\DEMO\vueDemo\vue-demo\src\views\login\login.vue
FN:38,(anonymous_1)
FN:62,(anonymous_2)
FN:68,(anonymous_3)
FN:77,(anonymous_4)
FN:78,(anonymous_5)
FN:80,(anonymous_6)
FN:84,(anonymous_7)
FN:93,(anonymous_8)
FNF:8
FNH:5
FNDA:1,(anonymous_1)
FNDA:1,(anonymous_2)
FNDA:1,(anonymous_3)
FNDA:1,(anonymous_4)
FNDA:1,(anonymous_5)
FNDA:0,(anonymous_6)
FNDA:0,(anonymous_7)
FNDA:0,(anonymous_8)
DA:33,1
DA:34,1
DA:39,1
DA:63,1
DA:64,1
DA:69,1
DA:78,1
DA:79,1
DA:80,0
DA:81,0
DA:82,0
DA:83,0
DA:85,0
DA:88,1
DA:89,1
DA:94,0
LF:16
LH:10
BRDA:79,0,0,0
BRDA:79,0,1,1
BRF:2
BRH:1
end_of_record
